{"name":"searchItem","status":"skipped","statusDetails":{"known":false,"muted":false,"flaky":false,"message":"java.io.FileNotFoundException: D:\\SeleniumTraining\\com.qa.seleniumsrc\\test\\java\\com\\qa\\selenium\\testdata\\InputData.xlsx (The system cannot find the path specified)","trace":"java.lang.RuntimeException: java.io.FileNotFoundException: D:\\SeleniumTraining\\com.qa.seleniumsrc\\test\\java\\com\\qa\\selenium\\testdata\\InputData.xlsx (The system cannot find the path specified)\r\n\tat org.testng.internal.MethodInvocationHelper.invokeMethodNoCheckedException(MethodInvocationHelper.java:49)\r\n\tat org.testng.internal.MethodInvocationHelper.invokeDataProvider(MethodInvocationHelper.java:145)\r\n\tat org.testng.internal.Parameters.handleParameters(Parameters.java:797)\r\n\tat org.testng.internal.Parameters.handleParameters(Parameters.java:740)\r\n\tat org.testng.internal.ParameterHandler.handleParameters(ParameterHandler.java:59)\r\n\tat org.testng.internal.ParameterHandler.createParameters(ParameterHandler.java:38)\r\n\tat org.testng.internal.TestInvoker$MethodInvocationAgent.invoke(TestInvoker.java:789)\r\n\tat org.testng.internal.TestInvoker.invokeTestMethods(TestInvoker.java:147)\r\n\tat org.testng.internal.TestMethodWorker.invokeTestMethods(TestMethodWorker.java:146)\r\n\tat org.testng.internal.TestMethodWorker.run(TestMethodWorker.java:128)\r\n\tat java.base/java.util.ArrayList.forEach(ArrayList.java:1511)\r\n\tat org.testng.TestRunner.privateRun(TestRunner.java:764)\r\n\tat org.testng.TestRunner.run(TestRunner.java:585)\r\n\tat org.testng.SuiteRunner.runTest(SuiteRunner.java:384)\r\n\tat org.testng.SuiteRunner.runSequentially(SuiteRunner.java:378)\r\n\tat org.testng.SuiteRunner.privateRun(SuiteRunner.java:337)\r\n\tat org.testng.SuiteRunner.run(SuiteRunner.java:286)\r\n\tat org.testng.SuiteRunnerWorker.runSuite(SuiteRunnerWorker.java:53)\r\n\tat org.testng.SuiteRunnerWorker.run(SuiteRunnerWorker.java:96)\r\n\tat org.testng.TestNG.runSuitesSequentially(TestNG.java:1218)\r\n\tat org.testng.TestNG.runSuitesLocally(TestNG.java:1140)\r\n\tat org.testng.TestNG.runSuites(TestNG.java:1069)\r\n\tat org.testng.TestNG.run(TestNG.java:1037)\r\n\tat org.testng.remote.AbstractRemoteTestNG.run(AbstractRemoteTestNG.java:115)\r\n\tat org.testng.remote.RemoteTestNG.initAndRun(RemoteTestNG.java:251)\r\n\tat org.testng.remote.RemoteTestNG.main(RemoteTestNG.java:77)\r\nCaused by: java.io.FileNotFoundException: D:\\SeleniumTraining\\com.qa.seleniumsrc\\test\\java\\com\\qa\\selenium\\testdata\\InputData.xlsx (The system cannot find the path specified)\r\n\tat java.base/java.io.FileInputStream.open0(Native Method)\r\n\tat java.base/java.io.FileInputStream.open(FileInputStream.java:211)\r\n\tat java.base/java.io.FileInputStream.<init>(FileInputStream.java:153)\r\n\tat java.base/java.io.FileInputStream.<init>(FileInputStream.java:108)\r\n\tat com.qa.utilities.ExcelUtils.getRowCount(ExcelUtils.java:28)\r\n\tat com.qa.selenium.testscripts.TC_AmazonSeachTest_001.getData(TC_AmazonSeachTest_001.java:52)\r\n\tat java.base/jdk.internal.reflect.NativeMethodAccessorImpl.invoke0(Native Method)\r\n\tat java.base/jdk.internal.reflect.NativeMethodAccessorImpl.invoke(NativeMethodAccessorImpl.java:64)\r\n\tat java.base/jdk.internal.reflect.DelegatingMethodAccessorImpl.invoke(DelegatingMethodAccessorImpl.java:43)\r\n\tat java.base/java.lang.reflect.Method.invoke(Method.java:564)\r\n\tat org.testng.internal.MethodInvocationHelper.invokeMethod(MethodInvocationHelper.java:132)\r\n\tat org.testng.internal.MethodInvocationHelper.invokeMethod(MethodInvocationHelper.java:76)\r\n\tat org.testng.internal.MethodInvocationHelper.invokeMethodNoCheckedException(MethodInvocationHelper.java:45)\r\n\t... 25 more\r\n"},"stage":"finished","steps":[],"attachments":[],"parameters":[{"name":"browser","value":"chrome"}],"start":1610475315152,"stop":1610475315160,"uuid":"f3f6be5d-bb36-4d71-9fd4-69da6ce45e2c","historyId":"778289dd5f0c6705238771afceb96c4c","fullName":"com.qa.selenium.testscripts.TC_AmazonSeachTest_001.searchItem","labels":[{"name":"package","value":"com.qa.selenium.testscripts.TC_AmazonSeachTest_001"},{"name":"testClass","value":"com.qa.selenium.testscripts.TC_AmazonSeachTest_001"},{"name":"testMethod","value":"searchItem"},{"name":"parentSuite","value":"Test Automation"},{"name":"suite","value":"Amazon application Test"},{"name":"subSuite","value":"com.qa.selenium.testscripts.TC_AmazonSeachTest_001"},{"name":"host","value":"DESKTOP-RCMCRH0"},{"name":"thread","value":"8636@DESKTOP-RCMCRH0.main(1)"},{"name":"framework","value":"testng"},{"name":"language","value":"java"}],"links":[]}